<?xml version="1.0" encoding="UTF-8"?>
<testsuite name="MSQueueTest" tests="2" skipped="0" failures="0" errors="0" timestamp="2024-01-23T06:29:15" hostname="Arthurs-MBP.HomeLAN" time="15.657">
  <properties/>
  <testcase name="modelCheckingTest" classname="MSQueueTest" time="6.056"/>
  <testcase name="stressTest" classname="MSQueueTest" time="9.601"/>
  <system-out><![CDATA[]]></system-out>
  <system-err><![CDATA[]]></system-err>
</testsuite>
