<?xml version="1.0" encoding="UTF-8"?>
<testsuite name="TreiberStackWithEliminationTest" tests="3" skipped="0" failures="0" errors="0" timestamp="2024-01-22T14:50:11" hostname="Arthurs-MacBook-Pro.local" time="15.691">
  <properties/>
  <testcase name="testEliminationIsUsed" classname="TreiberStackWithEliminationTest" time="1.912"/>
  <testcase name="modelCheckingTest" classname="TreiberStackWithEliminationTest" time="4.479"/>
  <testcase name="stressTest" classname="TreiberStackWithEliminationTest" time="9.3"/>
  <system-out><![CDATA[]]></system-out>
  <system-err><![CDATA[]]></system-err>
</testsuite>
