<?xml version="1.0" encoding="UTF-8"?>
<testsuite name="TreiberStackTest" tests="2" skipped="0" failures="0" errors="0" timestamp="2024-01-22T14:49:58" hostname="Arthurs-MacBook-Pro.local" time="12.701">
  <properties/>
  <testcase name="modelCheckingTest" classname="TreiberStackTest" time="5.196"/>
  <testcase name="stressTest" classname="TreiberStackTest" time="7.505"/>
  <system-out><![CDATA[]]></system-out>
  <system-err><![CDATA[]]></system-err>
</testsuite>
