<?xml version="1.0" encoding="UTF-8"?>
<testsuite name="FAABasedQueueTest" tests="2" skipped="0" failures="0" errors="0" timestamp="2024-01-23T10:44:01" hostname="Arthurs-MacBook-Pro.local" time="12.649">
  <properties/>
  <testcase name="modelCheckingTest" classname="FAABasedQueueTest" time="5.156"/>
  <testcase name="stressTest" classname="FAABasedQueueTest" time="7.493"/>
  <system-out><![CDATA[]]></system-out>
  <system-err><![CDATA[]]></system-err>
</testsuite>
